<?xml version="1.0" encoding="UTF-8"?>
<!-- Generated by org.testng.reporters.JUnitReportReporter -->
<testsuite skipped="0" hostname="Sajeduls-MBP-2.fios-router.home" name="Testing.TestRunner" tests="1" failures="0" timestamp="24 Jan 2020 20:13:57 GMT" time="29.597" errors="0">
  <testcase name="goToDressPage" time="29.597" classname="Testing.TestRunner"/>
</testsuite> <!-- Testing.TestRunner -->
